{
  "RSpec": {
    "coverage": {
      "/Volumes/320 GB HD/Dropbox/Files/Work Space/rails/sample_app/app/helpers/application_helper.rb": [
        1,
        1,
        155,
        null,
        null
      ],
      "/Volumes/320 GB HD/Dropbox/Files/Work Space/rails/sample_app/app/helpers/note_helper.rb": [
        1,
        null
      ],
      "/Volumes/320 GB HD/Dropbox/Files/Work Space/rails/sample_app/app/helpers/sessions_helper.rb": [
        1,
        1,
        39,
        39,
        39,
        39,
        null,
        null,
        1,
        1,
        1,
        null,
        null,
        1,
        40,
        null,
        null,
        1,
        529,
        529,
        null,
        null,
        1,
        14,
        null,
        null,
        1,
        239,
        null,
        null,
        1,
        24,
        3,
        3,
        null,
        null,
        null,
        1,
        37,
        37,
        null,
        null,
        1,
        3,
        null,
        null,
        null
      ],
      "/Volumes/320 GB HD/Dropbox/Files/Work Space/rails/sample_app/app/helpers/static_pages_helper.rb": [
        1,
        null
      ],
      "/Volumes/320 GB HD/Dropbox/Files/Work Space/rails/sample_app/app/helpers/users_helper.rb": [
        1,
        null,
        null,
        1,
        133,
        133,
        133,
        133,
        null,
        null,
        null
      ],
      "/Volumes/320 GB HD/Dropbox/Files/Work Space/rails/sample_app/app/controllers/sessions_controller.rb": [
        1,
        1,
        null,
        null,
        1,
        1,
        1,
        1,
        null,
        1,
        1,
        37,
        37,
        37,
        null,
        37,
        74,
        37,
        null,
        null,
        0,
        0,
        0,
        0,
        null,
        null,
        null,
        null,
        1,
        1,
        1,
        1,
        2,
        1,
        null,
        null,
        null
      ],
      "/Volumes/320 GB HD/Dropbox/Files/Work Space/rails/sample_app/app/controllers/application_controller.rb": [
        1,
        null,
        null,
        1,
        1,
        null
      ],
      "/Volumes/320 GB HD/Dropbox/Files/Work Space/rails/sample_app/app/models/note.rb": [
        1,
        null,
        1,
        1,
        1,
        1,
        1,
        null
      ],
      "/Volumes/320 GB HD/Dropbox/Files/Work Space/rails/sample_app/app/uploaders/note_image_uploader.rb": [
        null,
        null,
        1,
        null,
        null,
        null,
        null,
        null,
        null,
        1,
        null,
        null,
        null,
        null,
        1,
        0,
        null,
        null,
        null,
        null,
        null,
        null,
        null,
        null,
        null,
        null,
        null,
        null,
        null,
        null,
        null,
        null,
        null,
        null,
        null,
        null,
        null,
        null,
        null,
        null,
        null,
        null,
        null,
        null,
        null,
        null,
        null,
        null,
        null,
        null,
        null
      ],
      "/Volumes/320 GB HD/Dropbox/Files/Work Space/rails/sample_app/app/models/pin.rb": [
        1,
        1,
        1,
        1,
        1,
        1,
        1,
        1,
        1,
        1,
        null,
        1,
        1,
        29,
        null,
        null
      ],
      "/Volumes/320 GB HD/Dropbox/Files/Work Space/rails/sample_app/app/models/trip.rb": [
        1,
        1,
        1,
        1,
        1,
        null
      ],
      "/Volumes/320 GB HD/Dropbox/Files/Work Space/rails/sample_app/app/models/user.rb": [
        1,
        null,
        1,
        null,
        1,
        162,
        null,
        1,
        1,
        1,
        1,
        null,
        1,
        null,
        1,
        157,
        null,
        null,
        1,
        686,
        null,
        null,
        1,
        null,
        1,
        114,
        null,
        null,
        null,
        null
      ],
      "/Volumes/320 GB HD/Dropbox/Files/Work Space/rails/sample_app/app/controllers/static_pages_controller.rb": [
        1,
        1,
        null,
        null,
        1,
        null,
        null,
        1,
        null,
        null,
        1,
        null,
        null,
        1,
        63,
        58,
        null,
        5,
        null,
        null,
        null
      ],
      "/Volumes/320 GB HD/Dropbox/Files/Work Space/rails/sample_app/app/controllers/dashboard_controller.rb": [
        1,
        null,
        1,
        1,
        1,
        58,
        58,
        null,
        null,
        null
      ],
      "/Volumes/320 GB HD/Dropbox/Files/Work Space/rails/sample_app/app/controllers/users_controller.rb": [
        1,
        null,
        1,
        1,
        1,
        null,
        1,
        3,
        null,
        null,
        null,
        1,
        6,
        6,
        null,
        null,
        1,
        11,
        null,
        null,
        1,
        1,
        1,
        1,
        1,
        1,
        null,
        1,
        3,
        3,
        2,
        2,
        2,
        null,
        1,
        null,
        null,
        null,
        1,
        null,
        null,
        1,
        0,
        0,
        0,
        null,
        null,
        1,
        4,
        3,
        3,
        null,
        1,
        null,
        null,
        null,
        1,
        null,
        1,
        7,
        null,
        null,
        1,
        14,
        14,
        null,
        null,
        1,
        1,
        null,
        null,
        null
      ],
      "/Volumes/320 GB HD/Dropbox/Files/Work Space/rails/sample_app/app/controllers/trips_controller.rb": [
        1,
        1,
        1,
        1,
        null,
        1,
        1,
        1,
        null,
        1,
        2,
        2,
        2,
        2,
        2,
        2,
        2,
        null,
        null,
        null,
        0,
        0,
        0,
        null,
        null,
        null,
        null,
        1,
        1,
        1,
        1,
        2,
        2,
        2,
        2,
        null,
        null,
        null,
        1,
        0,
        0,
        null,
        null,
        1,
        null,
        1,
        2,
        null,
        null,
        1,
        0,
        0,
        0,
        0,
        null,
        null,
        null,
        1,
        2,
        2,
        0,
        0,
        null,
        null,
        null,
        null
      ]
    },
    "timestamp": 1391410267
  }
}
