{
  "RSpec": {
    "coverage": {
      "/Volumes/320 GB HD/Dropbox/Files/Work Space/rails/sample_app/app/helpers/application_helper.rb": [
        1,
        1,
        0,
        0,
        0,
        null,
        0,
        null,
        null,
        null
      ],
      "/Volumes/320 GB HD/Dropbox/Files/Work Space/rails/sample_app/app/helpers/note_helper.rb": [
        1,
        null
      ],
      "/Volumes/320 GB HD/Dropbox/Files/Work Space/rails/sample_app/app/helpers/sessions_helper.rb": [
        1,
        1,
        0,
        0,
        0,
        0,
        null,
        null,
        1,
        0,
        0,
        null,
        null,
        1,
        0,
        null,
        null,
        1,
        0,
        0,
        null,
        null,
        1,
        0,
        null,
        null,
        1,
        0,
        null,
        null,
        1,
        0,
        0,
        0,
        null,
        null,
        null,
        1,
        0,
        0,
        null,
        null,
        1,
        0,
        null,
        null,
        null
      ],
      "/Volumes/320 GB HD/Dropbox/Files/Work Space/rails/sample_app/app/helpers/static_pages_helper.rb": [
        1,
        null
      ],
      "/Volumes/320 GB HD/Dropbox/Files/Work Space/rails/sample_app/app/helpers/users_helper.rb": [
        1,
        null,
        null,
        1,
        0,
        0,
        0,
        0,
        null,
        null,
        null
      ],
      "/Volumes/320 GB HD/Dropbox/Files/Work Space/rails/sample_app/app/models/note.rb": [
        1,
        null,
        1,
        1,
        1,
        1,
        1,
        null
      ],
      "/Volumes/320 GB HD/Dropbox/Files/Work Space/rails/sample_app/app/uploaders/note_image_uploader.rb": [
        null,
        null,
        1,
        null,
        null,
        null,
        null,
        null,
        null,
        1,
        null,
        null,
        null,
        null,
        1,
        0,
        null,
        null,
        null,
        null,
        null,
        null,
        null,
        null,
        null,
        null,
        null,
        null,
        null,
        null,
        null,
        null,
        null,
        null,
        null,
        null,
        null,
        null,
        null,
        null,
        null,
        null,
        null,
        null,
        null,
        null,
        null,
        null,
        null,
        null,
        null
      ],
      "/Volumes/320 GB HD/Dropbox/Files/Work Space/rails/sample_app/app/models/user.rb": [
        1,
        null,
        1,
        null,
        1,
        8,
        null,
        1,
        1,
        1,
        1,
        null,
        1,
        null,
        1,
        7,
        null,
        null,
        1,
        7,
        null,
        null,
        1,
        null,
        1,
        7,
        null,
        null,
        null,
        null
      ],
      "/Volumes/320 GB HD/Dropbox/Files/Work Space/rails/sample_app/app/models/trip.rb": [
        1,
        1,
        1,
        1,
        1,
        null
      ],
      "/Volumes/320 GB HD/Dropbox/Files/Work Space/rails/sample_app/app/models/pin.rb": [
        1,
        1,
        1,
        1,
        1,
        1,
        1,
        1,
        1,
        1,
        null,
        1,
        1,
        7,
        null,
        null
      ]
    },
    "timestamp": 1390144587
  }
}
